<?xml version="1.0" encoding="UTF-8"?>
<testng-results ignored="0" total="1" passed="1" failed="0" skipped="0">
  <reporter-output>
  </reporter-output>
  <suite started-at="2021-09-13T20:57:25 IST" name="inetBankingV1" finished-at="2021-09-13T20:57:51 IST" duration-ms="25948">
    <groups>
    </groups>
    <test started-at="2021-09-13T20:57:25 IST" name="BankingApp Test" finished-at="2021-09-13T20:57:51 IST" duration-ms="25948">
      <class name="com.inetBanking.testCases.TC_AddCustomerTest_003">
        <test-method is-config="true" signature="setUp(java.lang.String)[pri:0, instance:com.inetBanking.testCases.TC_AddCustomerTest_003@4b5d6a01]" started-at="2021-09-13T20:57:26 IST" name="setUp" finished-at="2021-09-13T20:57:33 IST" duration-ms="7326" status="PASS">
          <params>
            <param index="0">
              <value>
                <![CDATA[chrome]]>
              </value>
            </param>
          </params>
          <reporter-output>
          </reporter-output>
        </test-method> <!-- setUp -->
        <test-method signature="addNewCustomer()[pri:0, instance:com.inetBanking.testCases.TC_AddCustomerTest_003@4b5d6a01]" started-at="2021-09-13T20:57:33 IST" name="addNewCustomer" finished-at="2021-09-13T20:57:51 IST" duration-ms="17481" status="PASS">
          <reporter-output>
          </reporter-output>
        </test-method> <!-- addNewCustomer -->
        <test-method is-config="true" signature="tearup()[pri:0, instance:com.inetBanking.testCases.TC_AddCustomerTest_003@4b5d6a01]" started-at="2021-09-13T20:57:51 IST" name="tearup" finished-at="2021-09-13T20:57:51 IST" duration-ms="231" status="PASS">
          <reporter-output>
          </reporter-output>
        </test-method> <!-- tearup -->
      </class> <!-- com.inetBanking.testCases.TC_AddCustomerTest_003 -->
    </test> <!-- BankingApp Test -->
  </suite> <!-- inetBankingV1 -->
</testng-results>
