<?xml version="1.0" encoding="UTF-8"?>
<testng-results skipped="0" failed="0" ignored="0" total="1" passed="1">
  <reporter-output>
  </reporter-output>
  <suite name="inetBankingV1" duration-ms="27144" started-at="2021-09-12T21:50:16 IST" finished-at="2021-09-12T21:50:43 IST">
    <groups>
    </groups>
    <test name="BankingApp Test" duration-ms="27144" started-at="2021-09-12T21:50:16 IST" finished-at="2021-09-12T21:50:43 IST">
      <class name="com.inetBanking.testCases.TC_AddCustomerTest_003">
        <test-method status="PASS" signature="setUp(java.lang.String)[pri:0, instance:com.inetBanking.testCases.TC_AddCustomerTest_003@60285225]" name="setUp" is-config="true" duration-ms="8443" started-at="2021-09-12T21:50:16 IST" finished-at="2021-09-12T21:50:25 IST">
          <params>
            <param index="0">
              <value>
                <![CDATA[chrome]]>
              </value>
            </param>
          </params>
          <reporter-output>
          </reporter-output>
        </test-method> <!-- setUp -->
        <test-method status="PASS" signature="addNewCustomer()[pri:0, instance:com.inetBanking.testCases.TC_AddCustomerTest_003@60285225]" name="addNewCustomer" duration-ms="16953" started-at="2021-09-12T21:50:25 IST" finished-at="2021-09-12T21:50:42 IST">
          <reporter-output>
          </reporter-output>
        </test-method> <!-- addNewCustomer -->
        <test-method status="PASS" signature="tearup()[pri:0, instance:com.inetBanking.testCases.TC_AddCustomerTest_003@60285225]" name="tearup" is-config="true" duration-ms="1225" started-at="2021-09-12T21:50:42 IST" finished-at="2021-09-12T21:50:43 IST">
          <reporter-output>
          </reporter-output>
        </test-method> <!-- tearup -->
      </class> <!-- com.inetBanking.testCases.TC_AddCustomerTest_003 -->
    </test> <!-- BankingApp Test -->
  </suite> <!-- inetBankingV1 -->
</testng-results>
