<?xml version="1.0" encoding="UTF-8"?>
<testng-results ignored="0" total="1" passed="1" failed="0" skipped="0">
  <reporter-output>
  </reporter-output>
  <suite started-at="2021-09-09T15:19:20 IST" name="Failed suite [inetBankingV1]" finished-at="2021-09-09T15:19:43 IST" duration-ms="23417">
    <groups>
    </groups>
    <test started-at="2021-09-09T15:19:20 IST" name="BankingApp Test(failed)" finished-at="2021-09-09T15:19:43 IST" duration-ms="23417">
      <class name="com.inetBanking.testCases.TC_AddCustomerTest_003">
        <test-method is-config="true" signature="setUp(java.lang.String)[pri:0, instance:com.inetBanking.testCases.TC_AddCustomerTest_003@4fb61f4a]" started-at="2021-09-09T15:19:20 IST" name="setUp" finished-at="2021-09-09T15:19:26 IST" duration-ms="5898" status="PASS">
          <params>
            <param index="0">
              <value>
                <![CDATA[chrome]]>
              </value>
            </param>
          </params>
          <reporter-output>
          </reporter-output>
        </test-method> <!-- setUp -->
        <test-method signature="addNewCustomer()[pri:0, instance:com.inetBanking.testCases.TC_AddCustomerTest_003@4fb61f4a]" started-at="2021-09-09T15:19:26 IST" name="addNewCustomer" finished-at="2021-09-09T15:19:43 IST" duration-ms="16729" status="PASS">
          <reporter-output>
          </reporter-output>
        </test-method> <!-- addNewCustomer -->
        <test-method is-config="true" signature="tearup()[pri:0, instance:com.inetBanking.testCases.TC_AddCustomerTest_003@4fb61f4a]" started-at="2021-09-09T15:19:43 IST" name="tearup" finished-at="2021-09-09T15:19:43 IST" duration-ms="256" status="PASS">
          <reporter-output>
          </reporter-output>
        </test-method> <!-- tearup -->
      </class> <!-- com.inetBanking.testCases.TC_AddCustomerTest_003 -->
    </test> <!-- BankingApp Test(failed) -->
  </suite> <!-- Failed suite [inetBankingV1] -->
</testng-results>
